Wed May  1 23:57:31 2024       
+-----------------------------------------------------------------------------------------+
| NVIDIA-SMI 550.54.14              Driver Version: 550.54.14      CUDA Version: 12.4     |
|-----------------------------------------+------------------------+----------------------+
| GPU  Name                 Persistence-M | Bus-Id          Disp.A | Volatile Uncorr. ECC |
| Fan  Temp   Perf          Pwr:Usage/Cap |           Memory-Usage | GPU-Util  Compute M. |
|                                         |                        |               MIG M. |
|=========================================+========================+======================|
|   0  NVIDIA A100-SXM4-40GB          On  |   00000000:01:00.0 Off |                    0 |
| N/A   33C    P0             52W /  400W |     556MiB /  40960MiB |      0%      Default |
|                                         |                        |             Disabled |
+-----------------------------------------+------------------------+----------------------+
|   1  NVIDIA A100-SXM4-40GB          On  |   00000000:41:00.0 Off |                    0 |
| N/A   37C    P0            102W /  400W |    3391MiB /  40960MiB |    100%      Default |
|                                         |                        |             Disabled |
+-----------------------------------------+------------------------+----------------------+
|   2  NVIDIA A100-SXM4-40GB          On  |   00000000:81:00.0 Off |                    0 |
| N/A   34C    P0            106W /  400W |    3431MiB /  40960MiB |    100%      Default |
|                                         |                        |             Disabled |
+-----------------------------------------+------------------------+----------------------+
|   3  NVIDIA A100-SXM4-40GB          On  |   00000000:C1:00.0 Off |                    0 |
| N/A   35C    P0             79W /  400W |    3463MiB /  40960MiB |    100%      Default |
|                                         |                        |             Disabled |
+-----------------------------------------+------------------------+----------------------+
                                                                                         
+-----------------------------------------------------------------------------------------+
| Processes:                                                                              |
|  GPU   GI   CI        PID   Type   Process name                              GPU Memory |
|        ID   ID                                                               Usage      |
|=========================================================================================|
|    1   N/A  N/A    407738      C   python                                       1776MiB |
|    1   N/A  N/A   1335656      C   ....chen/anaconda3/envs/426/bin/python       1412MiB |
|    2   N/A  N/A    802273      C   python                                       1828MiB |
|    2   N/A  N/A   1335657      C   ....chen/anaconda3/envs/426/bin/python       1412MiB |
|    3   N/A  N/A   1112105      C   python                                       1796MiB |
|    3   N/A  N/A   1632635      C   ....chen/anaconda3/envs/426/bin/python       1284MiB |
+-----------------------------------------------------------------------------------------+
